Сборка начата 30.09.2023 01:04:42.
Уровень детализации журнала: Normal.     1>Проект "C:\Users\yana\Desktop\16\16\16.vcxproj" в узле 2 (целевые объекты Rebuild).
     1>_PrepareForClean:
         Файл "x64\Debug\16.tlog\16.lastbuildstate" удаляется.
       InitializeBuildStatus:
         Обращение к "x64\Debug\16.tlog\unsuccessfulbuild".
       ClCompile:
         C:\Program Files\Microsoft Visual Studio\2022\Enterprise\VC\Tools\MSVC\14.37.32822\bin\HostX64\x64\CL.exe /c /ZI /JMC /nologo /W3 /WX- /diagnostics:column /sdl /Od /D _DEBUG /D _CONSOLE /D _UNICODE /D UNICODE /Gm- /EHsc /RTC1 /MDd /GS /fp:precise /Zc:wchar_t /Zc:forScope /Zc:inline /permissive- /Fo"x64\Debug\\" /Fd"x64\Debug\vc143.pdb" /external:W3 /Gd /TP /FC /errorReport:prompt FST.cpp SE_Lab16.cpp
         FST.cpp
     1>C:\Users\yana\Desktop\16\16\FST.cpp(58,16): warning C4267: инициализация: преобразование из "size_t" в "short"; возможна потеря данных
         SE_Lab16.cpp
     1>C:\Users\yana\Desktop\16\16\SE_Lab16.cpp(59,14): error C2059: синтаксическая ошибка: FST::NODE
         Создание кода...
     1>Сборка проекта "C:\Users\yana\Desktop\16\16\16.vcxproj" завершена (целевые объекты Rebuild) с ошибкой.

Ошибка сборки.

       "C:\Users\yana\Desktop\16\16\16.vcxproj" (целевой объект Rebuild ) (1) ->
       (Целевой объект ClCompile) -> 
         C:\Users\yana\Desktop\16\16\FST.cpp(58,16): warning C4267: инициализация: преобразование из "size_t" в "short"; возможна потеря данных


       "C:\Users\yana\Desktop\16\16\16.vcxproj" (целевой объект Rebuild ) (1) ->
       (Целевой объект ClCompile) -> 
         C:\Users\yana\Desktop\16\16\SE_Lab16.cpp(59,14): error C2059: синтаксическая ошибка: FST::NODE

    Предупреждений: 1
    Ошибок: 1

Прошло времени 00:00:01.47
