c:\users\yana\desktop\se_lab17 — копия\se_lab17\debug\vc143.pdb
c:\users\yana\desktop\se_lab17 — копия\se_lab17\debug\vc143.idb
c:\users\yana\desktop\se_lab17 — копия\se_lab17\debug\in.obj
c:\users\yana\desktop\se_lab17 — копия\se_lab17\debug\fst.obj
c:\users\yana\desktop\se_lab17 — копия\se_lab17\debug\error.obj
c:\users\yana\desktop\se_lab17 — копия\se_lab17\debug\log.obj
c:\users\yana\desktop\se_lab17 — копия\se_lab17\debug\la.obj
c:\users\yana\desktop\se_lab17 — копия\se_lab17\debug\it.obj
c:\users\yana\desktop\se_lab17 — копия\se_lab17\debug\parm.obj
c:\users\yana\desktop\se_lab17 — копия\se_lab17\debug\out.obj
c:\users\yana\desktop\se_lab17 — копия\se_lab17\debug\lt.obj
c:\users\yana\desktop\se_lab17 — копия\se_lab17\debug\se_lab17.obj
c:\users\yana\desktop\se_lab17 — копия\se_lab17\debug\se_lab17.ilk
c:\users\yana\desktop\se_lab17 — копия\debug\se_lab17.exe
c:\users\yana\desktop\se_lab17 — копия\debug\se_lab17.pdb
c:\users\yana\desktop\se_lab17 — копия\se_lab17\debug\se_lab17.tlog\cl.command.1.tlog
c:\users\yana\desktop\se_lab17 — копия\se_lab17\debug\se_lab17.tlog\cl.items.tlog
c:\users\yana\desktop\se_lab17 — копия\se_lab17\debug\se_lab17.tlog\cl.read.1.tlog
c:\users\yana\desktop\se_lab17 — копия\se_lab17\debug\se_lab17.tlog\cl.write.1.tlog
c:\users\yana\desktop\se_lab17 — копия\se_lab17\debug\se_lab17.tlog\link.command.1.tlog
c:\users\yana\desktop\se_lab17 — копия\se_lab17\debug\se_lab17.tlog\link.read.1.tlog
c:\users\yana\desktop\se_lab17 — копия\se_lab17\debug\se_lab17.tlog\link.write.1.tlog
