Сборка начата 08.12.2023 13:43:33.
Уровень детализации журнала: Normal.     1>Проект "C:\Users\yana\Desktop\SE_asm2\SE_asm2\SE_asm2.vcxproj" в узле 2 (целевые объекты Build).
     1>InitializeBuildStatus:
         Создание "Debug\SE_asm2.tlog\unsuccessfulbuild", так как было задано "AlwaysCreate".
         Обращение к "Debug\SE_asm2.tlog\unsuccessfulbuild".
       _MASM:
         Assembling asm.asm...
         cmd.exe /C "C:\Users\yana\AppData\Local\Temp\tmpbe26efae22204ca6a811462777e49fb9.cmd"
         ml.exe /c /nologo /Zi /Fo"Debug\asm.obj" /W3 /errorReport:prompt  /Taasm.asm
       Link:
         C:\Program Files\Microsoft Visual Studio\2022\Enterprise\VC\Tools\MSVC\14.37.32822\bin\HostX86\x86\link.exe /ERRORREPORT:PROMPT /OUT:"C:\Users\yana\Desktop\SE_asm2\Debug\SE_asm2.exe" /INCREMENTAL /ILK:"Debug\SE_asm2.ilk" /NOLOGO kernel32.lib user32.lib gdi32.lib winspool.lib comdlg32.lib advapi32.lib shell32.lib ole32.lib oleaut32.lib uuid.lib odbc32.lib odbccp32.lib /MANIFEST /MANIFESTUAC:"level='asInvoker' uiAccess='false'" /manifest:embed /DEBUG /PDB:"C:\Users\yana\Desktop\SE_asm2\Debug\SE_asm2.pdb" /SUBSYSTEM:WINDOWS /TLBID:1 /DYNAMICBASE /NXCOMPAT /IMPLIB:"C:\Users\yana\Desktop\SE_asm2\Debug\SE_asm2.lib" /MACHINE:X86 Debug\asm.obj
         SE_asm2.vcxproj -> C:\Users\yana\Desktop\SE_asm2\Debug\SE_asm2.exe
       FinalizeBuildStatus:
         Файл "Debug\SE_asm2.tlog\unsuccessfulbuild" удаляется.
         Обращение к "Debug\SE_asm2.tlog\SE_asm2.lastbuildstate".
     1>Сборка проекта "C:\Users\yana\Desktop\SE_asm2\SE_asm2\SE_asm2.vcxproj" завершена (целевые объекты Build).

Сборка успешно завершена.
    Предупреждений: 0
    Ошибок: 0

Прошло времени 00:00:01.50
