Сборка начата 05.09.2023 17:43:15.
Уровень детализации журнала: Normal.     1>Проект "C:\Users\yana\Desktop\SE_Lab14\SE_Lab14\SE_Lab14.vcxproj" в узле 2 (целевые объекты Rebuild).
     1>_PrepareForClean:
         Файл "Debug\SE_Lab14.tlog\SE_Lab14.lastbuildstate" удаляется.
       InitializeBuildStatus:
         Создание "Debug\SE_Lab14.tlog\unsuccessfulbuild", так как было задано "AlwaysCreate".
         Обращение к "Debug\SE_Lab14.tlog\unsuccessfulbuild".
       ClCompile:
         C:\Program Files\Microsoft Visual Studio\2022\Enterprise\VC\Tools\MSVC\14.37.32822\bin\HostX86\x86\CL.exe /c /ZI /JMC /nologo /W3 /WX- /diagnostics:column /sdl /Od /Oy- /D WIN32 /D _DEBUG /D _CONSOLE /D _UNICODE /D UNICODE /Gm- /EHsc /RTC1 /MDd /GS /fp:precise /Zc:wchar_t /Zc:forScope /Zc:inline /permissive- /Fo"Debug\\" /Fd"Debug\vc143.pdb" /external:W3 /Gd /TP /analyze- /FC /errorReport:prompt Error.cpp In.cpp Log.cpp Parm.cpp SE_Lab14.cpp
         Error.cpp
         In.cpp
         Log.cpp
         Parm.cpp
     1>C:\Users\yana\Desktop\SE_Lab14\SE_Lab14\Parm.cpp(9,11): warning C4101: wst: неиспользованная локальная переменная
         SE_Lab14.cpp
         Создание кода...
       Link:
         C:\Program Files\Microsoft Visual Studio\2022\Enterprise\VC\Tools\MSVC\14.37.32822\bin\HostX86\x86\link.exe /ERRORREPORT:PROMPT /OUT:"C:\Users\yana\Desktop\SE_Lab14\Debug\SE_Lab14.exe" /INCREMENTAL /ILK:"Debug\SE_Lab14.ilk" /NOLOGO kernel32.lib user32.lib gdi32.lib winspool.lib comdlg32.lib advapi32.lib shell32.lib ole32.lib oleaut32.lib uuid.lib odbc32.lib odbccp32.lib /MANIFEST /MANIFESTUAC:"level='asInvoker' uiAccess='false'" /manifest:embed /DEBUG /PDB:"C:\Users\yana\Desktop\SE_Lab14\Debug\SE_Lab14.pdb" /SUBSYSTEM:CONSOLE /TLBID:1 /DYNAMICBASE /NXCOMPAT /IMPLIB:"C:\Users\yana\Desktop\SE_Lab14\Debug\SE_Lab14.lib" /MACHINE:X86 Debug\Error.obj
         Debug\In.obj
         Debug\Log.obj
         Debug\Parm.obj
         Debug\SE_Lab14.obj
         SE_Lab14.vcxproj -> C:\Users\yana\Desktop\SE_Lab14\Debug\SE_Lab14.exe
       FinalizeBuildStatus:
         Файл "Debug\SE_Lab14.tlog\unsuccessfulbuild" удаляется.
         Обращение к "Debug\SE_Lab14.tlog\SE_Lab14.lastbuildstate".
     1>Сборка проекта "C:\Users\yana\Desktop\SE_Lab14\SE_Lab14\SE_Lab14.vcxproj" завершена (целевые объекты Rebuild).

Сборка успешно завершена.

       "C:\Users\yana\Desktop\SE_Lab14\SE_Lab14\SE_Lab14.vcxproj" (целевой объект Rebuild ) (1) ->
       (Целевой объект ClCompile) -> 
         C:\Users\yana\Desktop\SE_Lab14\SE_Lab14\Parm.cpp(9,11): warning C4101: wst: неиспользованная локальная переменная

    Предупреждений: 1
    Ошибок: 0

Прошло времени 00:00:04.87
