Сборка начата 25.11.2023 13:35:47.
Уровень детализации журнала: Normal.     1>Проект "C:\Users\yana\Desktop\кпо\asem3 — копия\asem2\asem2.vcxproj" в узле 2 (целевые объекты Build).
     1>InitializeBuildStatus:
         Создание "Debug\asem2.tlog\unsuccessfulbuild", так как было задано "AlwaysCreate".
         Обращение к "Debug\asem2.tlog\unsuccessfulbuild".
       _MASM:
         Assembling FileName.asm...
         cmd.exe /C "C:\Users\yana\AppData\Local\Temp\tmp65b6e3ed7d134719a1a0526cbaaa6981.cmd"
         ml.exe /c /nologo /Zi /Fo"Debug\FileName.obj" /Fl"Debug\\" /W3 /errorReport:prompt  /TaFileName.asm
       Link:
         C:\Program Files\Microsoft Visual Studio\2022\Enterprise\VC\Tools\MSVC\14.37.32822\bin\HostX86\x86\link.exe /ERRORREPORT:PROMPT /OUT:"C:\Users\yana\Desktop\кпо\asem3 — копия\Debug\asem2.exe" /INCREMENTAL /ILK:"Debug\asem2.ilk" /NOLOGO kernel32.lib user32.lib gdi32.lib winspool.lib comdlg32.lib advapi32.lib shell32.lib ole32.lib oleaut32.lib uuid.lib odbc32.lib odbccp32.lib /MANIFEST /MANIFESTUAC:"level='asInvoker' uiAccess='false'" /manifest:embed /DEBUG /PDB:"C:\Users\yana\Desktop\кпо\asem3 — копия\Debug\asem2.pdb" /SUBSYSTEM:CONSOLE /TLBID:1 /DYNAMICBASE /NXCOMPAT /IMPLIB:"C:\Users\yana\Desktop\кпо\asem3 — копия\Debug\asem2.lib" /MACHINE:X86 Debug\FileName.obj
         asem2.vcxproj -> C:\Users\yana\Desktop\кпо\asem3 — копия\Debug\asem2.exe
       FinalizeBuildStatus:
         Файл "Debug\asem2.tlog\unsuccessfulbuild" удаляется.
         Обращение к "Debug\asem2.tlog\asem2.lastbuildstate".
     1>Сборка проекта "C:\Users\yana\Desktop\кпо\asem3 — копия\asem2\asem2.vcxproj" завершена (целевые объекты Build).

Сборка успешно завершена.
    Предупреждений: 0
    Ошибок: 0

Прошло времени 00:00:00.82
